2025-07-09 14:30:09 [INFO]: Conexión a base de datos establecida
2025-07-09 14:30:09 [INFO]: Servidor iniciado en puerto 3000
2025-07-09 14:30:09 [INFO]: MQTT conectado a mqtt://192.168.20.156:1883, topic: botes/expulsados
2025-07-09 14:30:09 [INFO]: MQTT conectado a mqtt://192.168.20.156:1883, topic: botes/bueno
2025-07-09 15:05:23 [WARN]: No hay órdenes activas para actualizar botes expulsados
2025-07-09 15:05:23 [WARN]: No hay órdenes activas para actualizar botes expulsados
2025-07-09 15:05:23 [WARN]: No hay órdenes activas para actualizar botes expulsados
2025-07-09 15:05:23 [WARN]: No hay órdenes activas para actualizar botes expulsados
2025-07-09 15:05:23 [WARN]: No hay órdenes activas para actualizar botes expulsados
2025-07-09 15:05:23 [WARN]: No hay órdenes activas para actualizar botes expulsados
2025-07-09 15:06:20 [WARN]: No hay órdenes activas para actualizar botes expulsados
2025-07-09 15:06:20 [WARN]: No hay órdenes activas para actualizar botes expulsados
2025-07-09 15:06:20 [WARN]: No hay órdenes activas para actualizar botes expulsados
2025-07-09 15:06:20 [WARN]: No hay órdenes activas para actualizar botes expulsados
2025-07-09 15:06:20 [WARN]: No hay órdenes activas para actualizar botes expulsados
2025-07-09 15:06:20 [WARN]: No hay órdenes activas para actualizar botes expulsados
2025-07-09 15:06:20 [WARN]: No hay órdenes activas para actualizar botes expulsados
2025-07-09 15:06:20 [WARN]: No hay órdenes activas para actualizar botes expulsados
2025-07-09 15:06:20 [WARN]: No hay órdenes activas para actualizar botes expulsados
2025-07-09 15:06:20 [WARN]: No hay órdenes activas para actualizar botes expulsados
2025-07-09 15:06:21 [WARN]: No hay órdenes activas para actualizar botes expulsados
2025-07-09 15:06:21 [WARN]: No hay órdenes activas para actualizar botes expulsados
2025-07-09 15:06:21 [WARN]: No hay órdenes activas para actualizar botes expulsados
2025-07-09 15:06:21 [WARN]: No hay órdenes activas para actualizar botes expulsados
2025-07-09 15:06:21 [WARN]: No hay órdenes activas para actualizar botes expulsados
2025-07-09 15:06:21 [WARN]: No hay órdenes activas para actualizar botes expulsados
2025-07-09 15:06:21 [WARN]: No hay órdenes activas para actualizar botes expulsados
2025-07-09 15:06:21 [WARN]: No hay órdenes activas para actualizar botes expulsados
2025-07-09 15:06:23 [WARN]: No hay órdenes activas para actualizar botes expulsados
2025-07-09 15:06:23 [WARN]: No hay órdenes activas para actualizar botes expulsados
2025-07-09 15:06:23 [WARN]: No hay órdenes activas para actualizar botes expulsados
2025-07-09 15:06:23 [WARN]: No hay órdenes activas para actualizar botes expulsados
2025-07-09 15:06:23 [WARN]: No hay órdenes activas para actualizar botes expulsados
2025-07-09 15:06:23 [WARN]: No hay órdenes activas para actualizar botes expulsados
2025-07-09 15:06:23 [WARN]: No hay órdenes activas para actualizar botes expulsados
2025-07-09 15:06:25 [WARN]: No hay órdenes activas para actualizar botes expulsados
2025-07-09 15:06:25 [WARN]: No hay órdenes activas para actualizar botes expulsados
2025-07-09 15:06:25 [WARN]: No hay órdenes activas para actualizar botes expulsados
2025-07-09 15:06:25 [WARN]: No hay órdenes activas para actualizar botes expulsados
2025-07-09 15:06:25 [WARN]: No hay órdenes activas para actualizar botes expulsados
2025-07-09 15:06:25 [WARN]: No hay órdenes activas para actualizar botes expulsados
2025-07-09 15:06:25 [WARN]: No hay órdenes activas para actualizar botes expulsados
2025-07-09 15:06:25 [WARN]: No hay órdenes activas para actualizar botes expulsados
2025-07-09 15:06:25 [WARN]: No hay órdenes activas para actualizar botes expulsados
2025-07-09 15:06:27 [WARN]: No hay órdenes activas para actualizar botes expulsados
2025-07-09 15:06:27 [WARN]: No hay órdenes activas para actualizar botes expulsados
2025-07-09 15:06:27 [WARN]: No hay órdenes activas para actualizar botes expulsados
2025-07-09 15:06:27 [WARN]: No hay órdenes activas para actualizar botes expulsados
2025-07-09 15:06:27 [WARN]: No hay órdenes activas para actualizar botes expulsados
2025-07-09 15:06:27 [WARN]: No hay órdenes activas para actualizar botes expulsados
2025-07-09 15:06:28 [WARN]: No hay órdenes activas para actualizar botes expulsados
2025-07-09 15:06:28 [WARN]: No hay órdenes activas para actualizar botes expulsados
2025-07-09 15:06:28 [WARN]: No hay órdenes activas para actualizar botes expulsados
2025-07-09 15:06:28 [WARN]: No hay órdenes activas para actualizar botes expulsados
2025-07-09 15:06:28 [WARN]: No hay órdenes activas para actualizar botes expulsados
2025-07-09 15:06:28 [WARN]: No hay órdenes activas para actualizar botes expulsados
2025-07-09 15:06:28 [WARN]: No hay órdenes activas para actualizar botes expulsados
2025-07-09 15:06:28 [WARN]: No hay órdenes activas para actualizar botes expulsados
2025-07-09 15:06:28 [WARN]: No hay órdenes activas para actualizar botes expulsados
2025-07-09 15:06:28 [WARN]: No hay órdenes activas para actualizar botes expulsados
2025-07-09 15:06:28 [WARN]: No hay órdenes activas para actualizar botes expulsados
2025-07-09 15:06:30 [WARN]: No hay órdenes activas para actualizar botes expulsados
2025-07-09 15:06:30 [WARN]: No hay órdenes activas para actualizar botes expulsados
2025-07-09 15:06:30 [WARN]: No hay órdenes activas para actualizar botes expulsados
2025-07-09 15:06:30 [WARN]: No hay órdenes activas para actualizar botes expulsados
2025-07-09 15:06:30 [WARN]: No hay órdenes activas para actualizar botes expulsados
2025-07-09 15:06:30 [WARN]: No hay órdenes activas para actualizar botes expulsados
2025-07-09 15:06:30 [WARN]: No hay órdenes activas para actualizar botes expulsados
2025-07-09 15:06:30 [WARN]: No hay órdenes activas para actualizar botes expulsados
2025-07-09 15:06:30 [WARN]: No hay órdenes activas para actualizar botes expulsados
2025-07-09 15:06:30 [WARN]: No hay órdenes activas para actualizar botes expulsados
2025-07-09 15:06:30 [WARN]: No hay órdenes activas para actualizar botes expulsados
2025-07-09 15:06:34 [WARN]: No hay órdenes activas para actualizar botes expulsados
2025-07-09 15:06:34 [WARN]: No hay órdenes activas para actualizar botes expulsados
2025-07-09 15:06:34 [WARN]: No hay órdenes activas para actualizar botes expulsados
2025-07-09 15:06:34 [WARN]: No hay órdenes activas para actualizar botes expulsados
2025-07-09 15:06:34 [WARN]: No hay órdenes activas para actualizar botes expulsados
2025-07-09 15:06:34 [WARN]: No hay órdenes activas para actualizar botes expulsados
2025-07-09 15:06:34 [WARN]: No hay órdenes activas para actualizar botes expulsados
2025-07-09 15:06:34 [WARN]: No hay órdenes activas para actualizar botes expulsados
2025-07-09 15:36:07 [WARN]: No hay órdenes activas para actualizar botes expulsados
2025-07-09 15:53:13 [WARN]: No hay órdenes activas para actualizar botes expulsados
2025-07-09 16:09:58 [WARN]: No hay órdenes activas para actualizar botes expulsados
2025-07-09 16:26:52 [WARN]: No hay órdenes activas para actualizar botes expulsados
2025-07-09 16:29:34 [WARN]: No hay órdenes activas para actualizar botes expulsados
2025-07-09 17:01:08 [WARN]: No hay órdenes activas para actualizar botes expulsados
2025-07-09 17:01:08 [WARN]: No hay órdenes activas para actualizar botes expulsados
2025-07-09 17:01:08 [WARN]: No hay órdenes activas para actualizar botes expulsados
2025-07-09 17:01:08 [WARN]: No hay órdenes activas para actualizar botes expulsados
2025-07-09 17:01:08 [WARN]: No hay órdenes activas para actualizar botes expulsados
2025-07-09 17:01:08 [WARN]: No hay órdenes activas para actualizar botes expulsados
2025-07-09 17:01:08 [WARN]: No hay órdenes activas para actualizar botes expulsados
2025-07-09 17:10:23 [WARN]: No hay órdenes activas para actualizar botes expulsados
2025-07-09 17:10:23 [WARN]: No hay órdenes activas para actualizar botes expulsados
2025-07-09 17:10:23 [WARN]: No hay órdenes activas para actualizar botes expulsados
2025-07-09 17:10:23 [WARN]: No hay órdenes activas para actualizar botes expulsados
2025-07-09 17:10:23 [WARN]: No hay órdenes activas para actualizar botes expulsados
2025-07-09 17:10:23 [WARN]: No hay órdenes activas para actualizar botes expulsados
2025-07-09 17:10:23 [WARN]: No hay órdenes activas para actualizar botes expulsados
2025-07-09 17:10:23 [WARN]: No hay órdenes activas para actualizar botes expulsados
2025-07-09 17:10:23 [WARN]: No hay órdenes activas para actualizar botes expulsados
2025-07-09 17:10:24 [WARN]: No hay órdenes activas para actualizar botes expulsados
2025-07-09 17:10:24 [WARN]: No hay órdenes activas para actualizar botes expulsados
2025-07-09 17:10:24 [WARN]: No hay órdenes activas para actualizar botes expulsados
2025-07-09 17:10:24 [WARN]: No hay órdenes activas para actualizar botes expulsados
2025-07-09 17:10:24 [WARN]: No hay órdenes activas para actualizar botes expulsados
2025-07-09 17:10:24 [WARN]: No hay órdenes activas para actualizar botes expulsados
2025-07-09 17:10:24 [WARN]: No hay órdenes activas para actualizar botes expulsados
2025-07-09 17:10:24 [WARN]: No hay órdenes activas para actualizar botes expulsados
2025-07-09 17:10:24 [WARN]: No hay órdenes activas para actualizar botes expulsados
2025-07-09 17:10:24 [WARN]: No hay órdenes activas para actualizar botes expulsados
2025-07-09 17:10:24 [WARN]: No hay órdenes activas para actualizar botes expulsados
2025-07-09 17:10:24 [WARN]: No hay órdenes activas para actualizar botes expulsados
2025-07-09 17:10:24 [WARN]: No hay órdenes activas para actualizar botes expulsados
2025-07-09 17:10:24 [WARN]: No hay órdenes activas para actualizar botes expulsados
2025-07-09 17:10:24 [WARN]: No hay órdenes activas para actualizar botes expulsados
2025-07-09 17:10:24 [WARN]: No hay órdenes activas para actualizar botes expulsados
2025-07-09 17:10:24 [WARN]: No hay órdenes activas para actualizar botes expulsados
2025-07-09 17:10:24 [WARN]: No hay órdenes activas para actualizar botes expulsados
2025-07-09 17:10:24 [WARN]: No hay órdenes activas para actualizar botes expulsados
2025-07-09 17:10:24 [WARN]: No hay órdenes activas para actualizar botes expulsados
2025-07-09 17:10:24 [WARN]: No hay órdenes activas para actualizar botes expulsados
2025-07-09 17:10:24 [WARN]: No hay órdenes activas para actualizar botes expulsados
2025-07-09 17:10:24 [WARN]: No hay órdenes activas para actualizar botes expulsados
2025-07-09 17:10:24 [WARN]: No hay órdenes activas para actualizar botes expulsados
2025-07-09 17:10:24 [WARN]: No hay órdenes activas para actualizar botes expulsados
2025-07-09 17:10:24 [WARN]: No hay órdenes activas para actualizar botes expulsados
2025-07-09 17:10:24 [WARN]: No hay órdenes activas para actualizar botes expulsados
2025-07-09 17:10:24 [WARN]: No hay órdenes activas para actualizar botes expulsados
2025-07-09 17:10:24 [WARN]: No hay órdenes activas para actualizar botes expulsados
2025-07-09 17:10:25 [WARN]: No hay órdenes activas para actualizar botes expulsados
2025-07-09 17:10:25 [WARN]: No hay órdenes activas para actualizar botes expulsados
2025-07-09 17:10:25 [WARN]: No hay órdenes activas para actualizar botes expulsados
2025-07-09 17:10:25 [WARN]: No hay órdenes activas para actualizar botes expulsados
2025-07-09 17:10:25 [WARN]: No hay órdenes activas para actualizar botes expulsados
2025-07-09 17:10:25 [WARN]: No hay órdenes activas para actualizar botes expulsados
2025-07-09 17:10:25 [WARN]: No hay órdenes activas para actualizar botes expulsados
2025-07-09 17:10:25 [WARN]: No hay órdenes activas para actualizar botes expulsados
2025-07-09 17:10:25 [WARN]: No hay órdenes activas para actualizar botes expulsados
2025-07-09 17:10:25 [WARN]: No hay órdenes activas para actualizar botes expulsados
2025-07-09 17:10:25 [WARN]: No hay órdenes activas para actualizar botes expulsados
2025-07-09 17:10:25 [WARN]: No hay órdenes activas para actualizar botes expulsados
2025-07-09 17:10:25 [WARN]: No hay órdenes activas para actualizar botes expulsados
2025-07-09 17:10:25 [WARN]: No hay órdenes activas para actualizar botes expulsados
2025-07-09 17:10:25 [WARN]: No hay órdenes activas para actualizar botes expulsados
2025-07-09 17:10:26 [WARN]: No hay órdenes activas para actualizar botes expulsados
2025-07-09 17:10:26 [WARN]: No hay órdenes activas para actualizar botes expulsados
2025-07-09 17:10:26 [WARN]: No hay órdenes activas para actualizar botes expulsados
2025-07-09 17:10:26 [WARN]: No hay órdenes activas para actualizar botes expulsados
2025-07-09 17:10:26 [WARN]: No hay órdenes activas para actualizar botes expulsados
2025-07-09 17:10:26 [WARN]: No hay órdenes activas para actualizar botes expulsados
2025-07-09 17:10:26 [WARN]: No hay órdenes activas para actualizar botes expulsados
2025-07-09 17:10:26 [WARN]: No hay órdenes activas para actualizar botes expulsados
2025-07-09 17:10:27 [WARN]: No hay órdenes activas para actualizar botes expulsados
2025-07-09 17:10:27 [WARN]: No hay órdenes activas para actualizar botes expulsados
2025-07-09 17:10:27 [WARN]: No hay órdenes activas para actualizar botes expulsados
2025-07-09 17:10:27 [WARN]: No hay órdenes activas para actualizar botes expulsados
2025-07-09 17:10:27 [WARN]: No hay órdenes activas para actualizar botes expulsados
2025-07-09 17:10:27 [WARN]: No hay órdenes activas para actualizar botes expulsados
2025-07-09 17:10:27 [WARN]: No hay órdenes activas para actualizar botes expulsados
2025-07-09 17:10:27 [WARN]: No hay órdenes activas para actualizar botes expulsados
2025-07-09 17:10:27 [WARN]: No hay órdenes activas para actualizar botes expulsados
2025-07-09 17:10:27 [WARN]: No hay órdenes activas para actualizar botes expulsados
2025-07-09 17:10:30 [WARN]: No hay órdenes activas para actualizar botes expulsados
2025-07-09 17:10:30 [WARN]: No hay órdenes activas para actualizar botes expulsados
2025-07-09 17:10:30 [WARN]: No hay órdenes activas para actualizar botes expulsados
2025-07-09 17:10:30 [WARN]: No hay órdenes activas para actualizar botes expulsados
2025-07-09 17:10:30 [WARN]: No hay órdenes activas para actualizar botes expulsados
2025-07-09 17:10:30 [WARN]: No hay órdenes activas para actualizar botes expulsados
2025-07-09 17:10:30 [WARN]: No hay órdenes activas para actualizar botes expulsados
2025-07-09 17:10:30 [WARN]: No hay órdenes activas para actualizar botes expulsados
2025-07-09 17:10:32 [WARN]: No hay órdenes activas para actualizar botes expulsados
2025-07-09 17:10:32 [WARN]: No hay órdenes activas para actualizar botes expulsados
2025-07-09 17:10:32 [WARN]: No hay órdenes activas para actualizar botes expulsados
2025-07-09 17:10:32 [WARN]: No hay órdenes activas para actualizar botes expulsados
2025-07-09 17:10:32 [WARN]: No hay órdenes activas para actualizar botes expulsados
2025-07-09 17:10:32 [WARN]: No hay órdenes activas para actualizar botes expulsados
2025-07-09 17:10:32 [WARN]: No hay órdenes activas para actualizar botes expulsados
2025-07-09 17:10:32 [WARN]: No hay órdenes activas para actualizar botes expulsados
2025-07-09 17:10:32 [WARN]: No hay órdenes activas para actualizar botes expulsados
2025-07-09 17:10:35 [WARN]: No hay órdenes activas para actualizar botes expulsados
2025-07-09 17:10:35 [WARN]: No hay órdenes activas para actualizar botes expulsados
2025-07-09 17:10:35 [WARN]: No hay órdenes activas para actualizar botes expulsados
2025-07-09 17:10:35 [WARN]: No hay órdenes activas para actualizar botes expulsados
2025-07-09 17:10:35 [WARN]: No hay órdenes activas para actualizar botes expulsados
2025-07-09 17:10:35 [WARN]: No hay órdenes activas para actualizar botes expulsados
2025-07-09 17:10:35 [WARN]: No hay órdenes activas para actualizar botes expulsados
2025-07-09 17:10:35 [WARN]: No hay órdenes activas para actualizar botes expulsados
2025-07-09 17:10:35 [WARN]: No hay órdenes activas para actualizar botes expulsados
2025-07-09 17:10:35 [WARN]: No hay órdenes activas para actualizar botes expulsados
2025-07-09 17:10:41 [WARN]: No hay órdenes activas para actualizar botes expulsados
2025-07-09 17:10:41 [WARN]: No hay órdenes activas para actualizar botes expulsados
2025-07-09 17:10:41 [WARN]: No hay órdenes activas para actualizar botes expulsados
2025-07-09 17:10:41 [WARN]: No hay órdenes activas para actualizar botes expulsados
2025-07-09 17:10:41 [WARN]: No hay órdenes activas para actualizar botes expulsados
2025-07-09 17:10:41 [WARN]: No hay órdenes activas para actualizar botes expulsados
2025-07-09 17:10:41 [WARN]: No hay órdenes activas para actualizar botes expulsados
2025-07-09 17:10:41 [WARN]: No hay órdenes activas para actualizar botes expulsados
2025-07-09 17:10:41 [WARN]: No hay órdenes activas para actualizar botes expulsados
2025-07-09 17:10:41 [WARN]: No hay órdenes activas para actualizar botes expulsados
2025-07-09 17:10:42 [WARN]: No hay órdenes activas para actualizar botes expulsados
2025-07-09 17:10:42 [WARN]: No hay órdenes activas para actualizar botes expulsados
2025-07-09 17:10:42 [WARN]: No hay órdenes activas para actualizar botes expulsados
2025-07-09 17:10:42 [WARN]: No hay órdenes activas para actualizar botes expulsados
2025-07-09 17:10:42 [WARN]: No hay órdenes activas para actualizar botes expulsados
2025-07-09 17:10:42 [WARN]: No hay órdenes activas para actualizar botes expulsados
2025-07-09 17:10:42 [WARN]: No hay órdenes activas para actualizar botes expulsados
2025-07-09 17:10:42 [WARN]: No hay órdenes activas para actualizar botes expulsados
2025-07-09 17:10:42 [WARN]: No hay órdenes activas para actualizar botes expulsados
2025-07-09 17:10:42 [WARN]: No hay órdenes activas para actualizar botes expulsados
2025-07-09 17:10:42 [WARN]: No hay órdenes activas para actualizar botes expulsados
2025-07-09 17:10:42 [WARN]: No hay órdenes activas para actualizar botes expulsados
2025-07-09 17:10:42 [WARN]: No hay órdenes activas para actualizar botes expulsados
2025-07-09 17:10:44 [WARN]: No hay órdenes activas para actualizar botes expulsados
2025-07-09 17:10:44 [WARN]: No hay órdenes activas para actualizar botes expulsados
2025-07-09 17:10:44 [WARN]: No hay órdenes activas para actualizar botes expulsados
2025-07-09 17:10:44 [WARN]: No hay órdenes activas para actualizar botes expulsados
2025-07-09 17:10:44 [WARN]: No hay órdenes activas para actualizar botes expulsados
2025-07-09 17:10:44 [WARN]: No hay órdenes activas para actualizar botes expulsados
2025-07-09 17:10:44 [WARN]: No hay órdenes activas para actualizar botes expulsados
2025-07-09 17:10:44 [WARN]: No hay órdenes activas para actualizar botes expulsados
2025-07-09 17:10:44 [WARN]: No hay órdenes activas para actualizar botes expulsados
2025-07-09 17:10:45 [WARN]: No hay órdenes activas para actualizar botes expulsados
2025-07-09 17:10:45 [WARN]: No hay órdenes activas para actualizar botes expulsados
2025-07-09 17:10:45 [WARN]: No hay órdenes activas para actualizar botes expulsados
2025-07-09 17:10:45 [WARN]: No hay órdenes activas para actualizar botes expulsados
2025-07-09 17:10:45 [WARN]: No hay órdenes activas para actualizar botes expulsados
2025-07-09 17:10:45 [WARN]: No hay órdenes activas para actualizar botes expulsados
2025-07-09 17:10:45 [WARN]: No hay órdenes activas para actualizar botes expulsados
2025-07-09 17:10:45 [WARN]: No hay órdenes activas para actualizar botes expulsados
2025-07-09 17:10:45 [WARN]: No hay órdenes activas para actualizar botes expulsados
2025-07-09 17:10:45 [WARN]: No hay órdenes activas para actualizar botes expulsados
2025-07-09 17:10:48 [WARN]: No hay órdenes activas para actualizar botes expulsados
2025-07-09 17:10:48 [WARN]: No hay órdenes activas para actualizar botes expulsados
2025-07-09 17:10:48 [WARN]: No hay órdenes activas para actualizar botes expulsados
2025-07-09 17:10:48 [WARN]: No hay órdenes activas para actualizar botes expulsados
2025-07-09 17:10:48 [WARN]: No hay órdenes activas para actualizar botes expulsados
2025-07-09 17:10:48 [WARN]: No hay órdenes activas para actualizar botes expulsados
2025-07-09 17:10:48 [WARN]: No hay órdenes activas para actualizar botes expulsados
2025-07-09 17:10:48 [WARN]: No hay órdenes activas para actualizar botes expulsados
2025-07-09 17:10:49 [WARN]: No hay órdenes activas para actualizar botes expulsados
2025-07-09 17:10:49 [WARN]: No hay órdenes activas para actualizar botes expulsados
2025-07-09 17:10:49 [WARN]: No hay órdenes activas para actualizar botes expulsados
2025-07-09 17:10:49 [WARN]: No hay órdenes activas para actualizar botes expulsados
2025-07-09 17:10:49 [WARN]: No hay órdenes activas para actualizar botes expulsados
2025-07-09 17:10:49 [WARN]: No hay órdenes activas para actualizar botes expulsados
2025-07-09 17:10:49 [WARN]: No hay órdenes activas para actualizar botes expulsados
2025-07-09 17:10:49 [WARN]: No hay órdenes activas para actualizar botes expulsados
2025-07-09 17:10:49 [WARN]: No hay órdenes activas para actualizar botes expulsados
2025-07-09 17:10:51 [WARN]: No hay órdenes activas para actualizar botes expulsados
2025-07-09 17:10:51 [WARN]: No hay órdenes activas para actualizar botes expulsados
2025-07-09 17:10:51 [WARN]: No hay órdenes activas para actualizar botes expulsados
2025-07-09 17:10:51 [WARN]: No hay órdenes activas para actualizar botes expulsados
2025-07-09 17:10:51 [WARN]: No hay órdenes activas para actualizar botes expulsados
2025-07-09 17:10:51 [WARN]: No hay órdenes activas para actualizar botes expulsados
2025-07-09 17:10:51 [WARN]: No hay órdenes activas para actualizar botes expulsados
2025-07-09 17:10:51 [WARN]: No hay órdenes activas para actualizar botes expulsados
2025-07-09 17:10:51 [WARN]: No hay órdenes activas para actualizar botes expulsados
2025-07-09 17:10:51 [WARN]: No hay órdenes activas para actualizar botes expulsados
2025-07-09 17:10:51 [WARN]: No hay órdenes activas para actualizar botes expulsados
2025-07-09 17:10:51 [WARN]: No hay órdenes activas para actualizar botes expulsados
2025-07-09 17:10:51 [WARN]: No hay órdenes activas para actualizar botes expulsados
2025-07-09 17:10:51 [WARN]: No hay órdenes activas para actualizar botes expulsados
2025-07-09 17:10:51 [WARN]: No hay órdenes activas para actualizar botes expulsados
2025-07-09 17:11:29 [WARN]: No hay órdenes activas para actualizar botes expulsados
2025-07-09 17:13:25 [WARN]: No hay órdenes activas para actualizar botes expulsados
2025-07-09 17:13:25 [WARN]: No hay órdenes activas para actualizar botes expulsados
2025-07-09 17:13:25 [WARN]: No hay órdenes activas para actualizar botes expulsados
2025-07-09 17:13:25 [WARN]: No hay órdenes activas para actualizar botes expulsados
2025-07-09 17:13:25 [WARN]: No hay órdenes activas para actualizar botes expulsados
2025-07-09 17:13:25 [WARN]: No hay órdenes activas para actualizar botes expulsados
2025-07-09 17:13:25 [WARN]: No hay órdenes activas para actualizar botes expulsados
2025-07-09 17:13:25 [WARN]: No hay órdenes activas para actualizar botes expulsados
2025-07-09 17:13:25 [WARN]: No hay órdenes activas para actualizar botes expulsados
2025-07-09 17:13:25 [WARN]: No hay órdenes activas para actualizar botes expulsados
2025-07-09 17:13:25 [WARN]: No hay órdenes activas para actualizar botes expulsados
2025-07-09 17:13:32 [WARN]: No hay órdenes activas para actualizar botes expulsados
2025-07-09 17:13:32 [WARN]: No hay órdenes activas para actualizar botes expulsados
2025-07-09 17:13:32 [WARN]: No hay órdenes activas para actualizar botes expulsados
2025-07-09 17:13:32 [WARN]: No hay órdenes activas para actualizar botes expulsados
2025-07-09 17:13:32 [WARN]: No hay órdenes activas para actualizar botes expulsados
2025-07-09 17:13:32 [WARN]: No hay órdenes activas para actualizar botes expulsados
2025-07-09 17:13:32 [WARN]: No hay órdenes activas para actualizar botes expulsados
2025-07-09 17:13:32 [WARN]: No hay órdenes activas para actualizar botes expulsados
2025-07-09 17:13:32 [WARN]: No hay órdenes activas para actualizar botes expulsados
2025-07-09 17:13:32 [WARN]: No hay órdenes activas para actualizar botes expulsados
2025-07-09 17:13:33 [WARN]: No hay órdenes activas para actualizar botes expulsados
2025-07-09 17:13:33 [WARN]: No hay órdenes activas para actualizar botes expulsados
2025-07-09 17:13:33 [WARN]: No hay órdenes activas para actualizar botes expulsados
2025-07-09 17:13:33 [WARN]: No hay órdenes activas para actualizar botes expulsados
2025-07-09 17:13:33 [WARN]: No hay órdenes activas para actualizar botes expulsados
2025-07-09 17:13:33 [WARN]: No hay órdenes activas para actualizar botes expulsados
2025-07-09 17:13:33 [WARN]: No hay órdenes activas para actualizar botes expulsados
2025-07-09 17:13:33 [WARN]: No hay órdenes activas para actualizar botes expulsados
2025-07-09 17:13:33 [WARN]: No hay órdenes activas para actualizar botes expulsados
2025-07-09 17:13:33 [WARN]: No hay órdenes activas para actualizar botes expulsados
2025-07-09 17:13:33 [WARN]: No hay órdenes activas para actualizar botes expulsados
2025-07-09 17:13:34 [WARN]: No hay órdenes activas para actualizar botes expulsados
2025-07-09 17:13:34 [WARN]: No hay órdenes activas para actualizar botes expulsados
2025-07-09 17:13:34 [WARN]: No hay órdenes activas para actualizar botes expulsados
2025-07-09 17:13:34 [WARN]: No hay órdenes activas para actualizar botes expulsados
2025-07-09 17:13:35 [WARN]: No hay órdenes activas para actualizar botes expulsados
2025-07-09 17:13:35 [WARN]: No hay órdenes activas para actualizar botes expulsados
2025-07-09 17:13:35 [WARN]: No hay órdenes activas para actualizar botes expulsados
2025-07-09 17:13:35 [WARN]: No hay órdenes activas para actualizar botes expulsados
2025-07-09 17:13:39 [WARN]: No hay órdenes activas para actualizar botes expulsados
2025-07-09 17:13:39 [WARN]: No hay órdenes activas para actualizar botes expulsados
2025-07-09 17:13:39 [WARN]: No hay órdenes activas para actualizar botes expulsados
2025-07-09 17:13:39 [WARN]: No hay órdenes activas para actualizar botes expulsados
2025-07-09 17:13:39 [WARN]: No hay órdenes activas para actualizar botes expulsados
2025-07-09 17:13:40 [WARN]: No hay órdenes activas para actualizar botes expulsados
2025-07-09 17:13:40 [WARN]: No hay órdenes activas para actualizar botes expulsados
2025-07-09 17:13:40 [WARN]: No hay órdenes activas para actualizar botes expulsados
2025-07-09 17:13:40 [WARN]: No hay órdenes activas para actualizar botes expulsados
2025-07-09 17:13:40 [WARN]: No hay órdenes activas para actualizar botes expulsados
2025-07-09 17:13:40 [WARN]: No hay órdenes activas para actualizar botes expulsados
2025-07-09 17:13:40 [WARN]: No hay órdenes activas para actualizar botes expulsados
2025-07-09 17:13:40 [WARN]: No hay órdenes activas para actualizar botes expulsados
2025-07-09 17:13:41 [WARN]: No hay órdenes activas para actualizar botes expulsados
2025-07-09 17:13:41 [WARN]: No hay órdenes activas para actualizar botes expulsados
2025-07-09 17:13:41 [WARN]: No hay órdenes activas para actualizar botes expulsados
2025-07-09 17:13:41 [WARN]: No hay órdenes activas para actualizar botes expulsados
2025-07-09 17:13:41 [WARN]: No hay órdenes activas para actualizar botes expulsados
2025-07-09 17:13:41 [WARN]: No hay órdenes activas para actualizar botes expulsados
2025-07-09 17:13:41 [WARN]: No hay órdenes activas para actualizar botes expulsados
2025-07-09 17:13:41 [WARN]: No hay órdenes activas para actualizar botes expulsados
2025-07-09 17:13:41 [WARN]: No hay órdenes activas para actualizar botes expulsados
2025-07-09 17:19:48 [WARN]: No hay órdenes activas para actualizar botes expulsados
2025-07-09 17:19:48 [WARN]: No hay órdenes activas para actualizar botes expulsados
2025-07-09 17:19:48 [WARN]: No hay órdenes activas para actualizar botes expulsados
2025-07-09 17:19:48 [WARN]: No hay órdenes activas para actualizar botes expulsados
2025-07-09 17:19:48 [WARN]: No hay órdenes activas para actualizar botes expulsados
2025-07-09 17:19:48 [WARN]: No hay órdenes activas para actualizar botes expulsados
2025-07-09 17:19:48 [WARN]: No hay órdenes activas para actualizar botes expulsados
2025-07-09 17:19:48 [WARN]: No hay órdenes activas para actualizar botes expulsados
2025-07-09 17:21:29 [WARN]: No hay órdenes activas para actualizar botes expulsados
2025-07-09 17:21:29 [WARN]: No hay órdenes activas para actualizar botes expulsados
2025-07-09 17:21:29 [WARN]: No hay órdenes activas para actualizar botes expulsados
2025-07-09 17:21:29 [WARN]: No hay órdenes activas para actualizar botes expulsados
2025-07-09 17:21:29 [WARN]: No hay órdenes activas para actualizar botes expulsados
2025-07-09 17:21:29 [WARN]: No hay órdenes activas para actualizar botes expulsados
2025-07-09 17:21:29 [WARN]: No hay órdenes activas para actualizar botes expulsados
2025-07-09 17:21:29 [WARN]: No hay órdenes activas para actualizar botes expulsados
2025-07-09 17:21:29 [WARN]: No hay órdenes activas para actualizar botes expulsados
2025-07-09 17:21:29 [WARN]: No hay órdenes activas para actualizar botes expulsados
2025-07-09 17:29:19 [WARN]: No hay órdenes activas para actualizar botes expulsados
2025-07-09 17:29:19 [WARN]: No hay órdenes activas para actualizar botes expulsados
2025-07-09 17:29:19 [WARN]: No hay órdenes activas para actualizar botes expulsados
2025-07-09 17:29:19 [WARN]: No hay órdenes activas para actualizar botes expulsados
2025-07-09 17:29:19 [WARN]: No hay órdenes activas para actualizar botes expulsados
2025-07-09 17:29:19 [WARN]: No hay órdenes activas para actualizar botes expulsados
2025-07-09 17:29:19 [WARN]: No hay órdenes activas para actualizar botes expulsados
2025-07-09 17:29:19 [WARN]: No hay órdenes activas para actualizar botes expulsados
2025-07-09 17:29:19 [WARN]: No hay órdenes activas para actualizar botes expulsados
2025-07-09 17:29:19 [WARN]: No hay órdenes activas para actualizar botes expulsados
2025-07-09 17:29:19 [WARN]: No hay órdenes activas para actualizar botes expulsados
2025-07-09 17:29:19 [WARN]: No hay órdenes activas para actualizar botes expulsados
2025-07-09 17:29:19 [WARN]: No hay órdenes activas para actualizar botes expulsados
2025-07-09 17:29:19 [WARN]: No hay órdenes activas para actualizar botes expulsados
2025-07-09 17:29:19 [WARN]: No hay órdenes activas para actualizar botes expulsados
2025-07-09 17:29:19 [WARN]: No hay órdenes activas para actualizar botes expulsados
2025-07-09 17:29:19 [WARN]: No hay órdenes activas para actualizar botes expulsados
2025-07-09 17:29:19 [WARN]: No hay órdenes activas para actualizar botes expulsados
2025-07-09 17:29:19 [WARN]: No hay órdenes activas para actualizar botes expulsados
2025-07-09 17:29:19 [WARN]: No hay órdenes activas para actualizar botes expulsados
2025-07-09 17:29:19 [WARN]: No hay órdenes activas para actualizar botes expulsados
2025-07-09 17:29:19 [WARN]: No hay órdenes activas para actualizar botes expulsados
2025-07-09 17:29:20 [WARN]: No hay órdenes activas para actualizar botes expulsados
2025-07-09 17:29:20 [WARN]: No hay órdenes activas para actualizar botes expulsados
2025-07-09 17:29:20 [WARN]: No hay órdenes activas para actualizar botes expulsados
2025-07-09 17:29:20 [WARN]: No hay órdenes activas para actualizar botes expulsados
2025-07-09 17:29:20 [WARN]: No hay órdenes activas para actualizar botes expulsados
2025-07-09 17:32:31 [WARN]: No hay órdenes activas para actualizar botes expulsados
2025-07-09 17:32:32 [WARN]: No hay órdenes activas para actualizar botes expulsados
2025-07-09 17:32:32 [WARN]: No hay órdenes activas para actualizar botes expulsados
2025-07-09 17:32:32 [WARN]: No hay órdenes activas para actualizar botes expulsados
2025-07-09 17:32:32 [WARN]: No hay órdenes activas para actualizar botes expulsados
2025-07-09 17:32:32 [WARN]: No hay órdenes activas para actualizar botes expulsados
2025-07-09 17:32:32 [WARN]: No hay órdenes activas para actualizar botes expulsados
2025-07-09 17:32:32 [WARN]: No hay órdenes activas para actualizar botes expulsados
2025-07-09 17:32:32 [WARN]: No hay órdenes activas para actualizar botes expulsados
2025-07-09 17:32:32 [WARN]: No hay órdenes activas para actualizar botes expulsados
2025-07-09 17:32:32 [WARN]: No hay órdenes activas para actualizar botes expulsados
2025-07-09 17:32:32 [WARN]: No hay órdenes activas para actualizar botes expulsados
2025-07-09 17:32:32 [WARN]: No hay órdenes activas para actualizar botes expulsados
2025-07-09 17:32:32 [WARN]: No hay órdenes activas para actualizar botes expulsados
2025-07-09 17:32:32 [WARN]: No hay órdenes activas para actualizar botes expulsados
2025-07-09 17:32:32 [WARN]: No hay órdenes activas para actualizar botes expulsados
2025-07-09 17:32:32 [WARN]: No hay órdenes activas para actualizar botes expulsados
2025-07-09 17:32:32 [WARN]: No hay órdenes activas para actualizar botes expulsados
2025-07-09 17:32:32 [WARN]: No hay órdenes activas para actualizar botes expulsados
2025-07-09 17:33:17 [WARN]: No hay órdenes activas para actualizar botes expulsados
2025-07-09 17:33:17 [WARN]: No hay órdenes activas para actualizar botes expulsados
2025-07-09 17:33:17 [WARN]: No hay órdenes activas para actualizar botes expulsados
2025-07-09 17:33:17 [WARN]: No hay órdenes activas para actualizar botes expulsados
2025-07-09 17:33:17 [WARN]: No hay órdenes activas para actualizar botes expulsados
2025-07-09 17:33:17 [WARN]: No hay órdenes activas para actualizar botes expulsados
2025-07-09 17:33:17 [WARN]: No hay órdenes activas para actualizar botes expulsados
2025-07-09 17:33:17 [WARN]: No hay órdenes activas para actualizar botes expulsados
2025-07-09 17:33:17 [WARN]: No hay órdenes activas para actualizar botes expulsados
2025-07-09 17:33:17 [WARN]: No hay órdenes activas para actualizar botes expulsados
2025-07-09 17:33:17 [WARN]: No hay órdenes activas para actualizar botes expulsados
2025-07-09 17:33:17 [WARN]: No hay órdenes activas para actualizar botes expulsados
2025-07-09 17:36:11 [WARN]: No hay órdenes activas para actualizar botes expulsados
2025-07-09 17:36:11 [WARN]: No hay órdenes activas para actualizar botes expulsados
2025-07-09 17:36:11 [WARN]: No hay órdenes activas para actualizar botes expulsados
2025-07-09 17:36:11 [WARN]: No hay órdenes activas para actualizar botes expulsados
2025-07-09 17:36:11 [WARN]: No hay órdenes activas para actualizar botes expulsados
2025-07-09 17:36:11 [WARN]: No hay órdenes activas para actualizar botes expulsados
2025-07-09 17:36:11 [WARN]: No hay órdenes activas para actualizar botes expulsados
2025-07-09 17:36:11 [WARN]: No hay órdenes activas para actualizar botes expulsados
2025-07-09 17:36:11 [WARN]: No hay órdenes activas para actualizar botes expulsados
2025-07-09 17:36:11 [WARN]: No hay órdenes activas para actualizar botes expulsados
2025-07-09 17:36:11 [WARN]: No hay órdenes activas para actualizar botes expulsados
2025-07-09 17:36:11 [WARN]: No hay órdenes activas para actualizar botes expulsados
2025-07-09 17:36:11 [WARN]: No hay órdenes activas para actualizar botes expulsados
2025-07-09 17:36:11 [WARN]: No hay órdenes activas para actualizar botes expulsados
2025-07-09 17:36:11 [WARN]: No hay órdenes activas para actualizar botes expulsados
2025-07-09 17:36:11 [WARN]: No hay órdenes activas para actualizar botes expulsados
2025-07-09 17:36:11 [WARN]: No hay órdenes activas para actualizar botes expulsados
2025-07-09 17:36:11 [WARN]: No hay órdenes activas para actualizar botes expulsados
2025-07-09 17:36:11 [WARN]: No hay órdenes activas para actualizar botes expulsados
2025-07-09 17:36:11 [WARN]: No hay órdenes activas para actualizar botes expulsados
2025-07-09 17:36:51 [WARN]: No hay órdenes activas para actualizar botes expulsados
2025-07-09 17:36:51 [WARN]: No hay órdenes activas para actualizar botes expulsados
2025-07-09 17:36:51 [WARN]: No hay órdenes activas para actualizar botes expulsados
2025-07-09 17:36:51 [WARN]: No hay órdenes activas para actualizar botes expulsados
2025-07-09 17:36:51 [WARN]: No hay órdenes activas para actualizar botes expulsados
2025-07-09 17:36:51 [WARN]: No hay órdenes activas para actualizar botes expulsados
2025-07-09 17:36:51 [WARN]: No hay órdenes activas para actualizar botes expulsados
2025-07-09 17:36:51 [WARN]: No hay órdenes activas para actualizar botes expulsados
2025-07-09 17:36:51 [WARN]: No hay órdenes activas para actualizar botes expulsados
2025-07-09 17:36:51 [WARN]: No hay órdenes activas para actualizar botes expulsados
2025-07-09 17:36:51 [WARN]: No hay órdenes activas para actualizar botes expulsados
2025-07-09 17:36:51 [WARN]: No hay órdenes activas para actualizar botes expulsados
2025-07-09 17:36:51 [WARN]: No hay órdenes activas para actualizar botes expulsados
2025-07-09 17:36:51 [WARN]: No hay órdenes activas para actualizar botes expulsados
2025-07-09 17:36:51 [WARN]: No hay órdenes activas para actualizar botes expulsados
2025-07-09 17:36:51 [WARN]: No hay órdenes activas para actualizar botes expulsados
2025-07-09 17:49:07 [WARN]: No hay órdenes activas para actualizar botes expulsados
2025-07-09 17:52:10 [WARN]: No hay órdenes activas para actualizar botes expulsados
2025-07-09 17:52:10 [WARN]: No hay órdenes activas para actualizar botes expulsados
2025-07-09 17:52:10 [WARN]: No hay órdenes activas para actualizar botes expulsados
2025-07-09 17:52:10 [WARN]: No hay órdenes activas para actualizar botes expulsados
2025-07-09 17:52:10 [WARN]: No hay órdenes activas para actualizar botes expulsados
2025-07-09 17:52:10 [WARN]: No hay órdenes activas para actualizar botes expulsados
2025-07-09 17:52:10 [WARN]: No hay órdenes activas para actualizar botes expulsados
2025-07-09 17:52:10 [WARN]: No hay órdenes activas para actualizar botes expulsados
2025-07-09 17:52:10 [WARN]: No hay órdenes activas para actualizar botes expulsados
2025-07-09 18:01:02 [WARN]: No hay órdenes activas para actualizar botes expulsados
2025-07-09 18:01:02 [WARN]: No hay órdenes activas para actualizar botes expulsados
2025-07-09 18:01:02 [WARN]: No hay órdenes activas para actualizar botes expulsados
2025-07-09 18:01:02 [WARN]: No hay órdenes activas para actualizar botes expulsados
2025-07-09 18:01:02 [WARN]: No hay órdenes activas para actualizar botes expulsados
2025-07-09 18:01:02 [WARN]: No hay órdenes activas para actualizar botes expulsados
2025-07-09 18:01:02 [WARN]: No hay órdenes activas para actualizar botes expulsados
2025-07-09 18:01:02 [WARN]: No hay órdenes activas para actualizar botes expulsados
2025-07-09 18:01:02 [WARN]: No hay órdenes activas para actualizar botes expulsados
2025-07-09 18:01:02 [WARN]: No hay órdenes activas para actualizar botes expulsados
2025-07-09 18:01:02 [WARN]: No hay órdenes activas para actualizar botes expulsados
2025-07-09 18:01:02 [WARN]: No hay órdenes activas para actualizar botes expulsados
2025-07-09 18:01:02 [WARN]: No hay órdenes activas para actualizar botes expulsados
2025-07-09 18:01:02 [WARN]: No hay órdenes activas para actualizar botes expulsados
2025-07-09 18:01:02 [WARN]: No hay órdenes activas para actualizar botes expulsados
2025-07-09 18:01:02 [WARN]: No hay órdenes activas para actualizar botes expulsados
2025-07-09 18:01:02 [WARN]: No hay órdenes activas para actualizar botes expulsados
2025-07-09 18:01:02 [WARN]: No hay órdenes activas para actualizar botes expulsados
2025-07-09 18:01:02 [WARN]: No hay órdenes activas para actualizar botes expulsados
2025-07-09 18:01:30 [WARN]: No hay órdenes activas para actualizar botes expulsados
2025-07-09 18:01:30 [WARN]: No hay órdenes activas para actualizar botes expulsados
2025-07-09 18:01:30 [WARN]: No hay órdenes activas para actualizar botes expulsados
2025-07-09 18:01:30 [WARN]: No hay órdenes activas para actualizar botes expulsados
2025-07-09 18:01:30 [WARN]: No hay órdenes activas para actualizar botes expulsados
2025-07-09 18:01:30 [WARN]: No hay órdenes activas para actualizar botes expulsados
2025-07-09 18:01:30 [WARN]: No hay órdenes activas para actualizar botes expulsados
2025-07-09 18:01:30 [WARN]: No hay órdenes activas para actualizar botes expulsados
2025-07-09 18:01:30 [WARN]: No hay órdenes activas para actualizar botes expulsados
2025-07-09 18:01:31 [WARN]: No hay órdenes activas para actualizar botes expulsados
2025-07-09 18:01:31 [WARN]: No hay órdenes activas para actualizar botes expulsados
2025-07-09 18:01:31 [WARN]: No hay órdenes activas para actualizar botes expulsados
2025-07-09 18:01:31 [WARN]: No hay órdenes activas para actualizar botes expulsados
2025-07-09 18:01:31 [WARN]: No hay órdenes activas para actualizar botes expulsados
2025-07-09 18:01:31 [WARN]: No hay órdenes activas para actualizar botes expulsados
2025-07-09 18:01:31 [WARN]: No hay órdenes activas para actualizar botes expulsados
2025-07-09 18:01:31 [WARN]: No hay órdenes activas para actualizar botes expulsados
2025-07-09 18:01:31 [WARN]: No hay órdenes activas para actualizar botes expulsados
2025-07-09 18:01:31 [WARN]: No hay órdenes activas para actualizar botes expulsados
2025-07-09 18:01:31 [WARN]: No hay órdenes activas para actualizar botes expulsados
2025-07-09 18:01:31 [WARN]: No hay órdenes activas para actualizar botes expulsados
2025-07-09 18:01:31 [WARN]: No hay órdenes activas para actualizar botes expulsados
2025-07-09 18:01:31 [WARN]: No hay órdenes activas para actualizar botes expulsados
2025-07-09 18:02:44 [WARN]: No hay órdenes activas para actualizar botes expulsados
2025-07-09 18:02:44 [WARN]: No hay órdenes activas para actualizar botes expulsados
2025-07-09 18:02:44 [WARN]: No hay órdenes activas para actualizar botes expulsados
2025-07-09 18:02:44 [WARN]: No hay órdenes activas para actualizar botes expulsados
2025-07-09 18:02:44 [WARN]: No hay órdenes activas para actualizar botes expulsados
2025-07-09 18:02:44 [WARN]: No hay órdenes activas para actualizar botes expulsados
2025-07-09 18:02:44 [WARN]: No hay órdenes activas para actualizar botes expulsados
2025-07-09 18:02:44 [WARN]: No hay órdenes activas para actualizar botes expulsados
2025-07-09 18:02:44 [WARN]: No hay órdenes activas para actualizar botes expulsados
2025-07-09 18:02:44 [WARN]: No hay órdenes activas para actualizar botes expulsados
2025-07-09 18:02:44 [WARN]: No hay órdenes activas para actualizar botes expulsados
2025-07-09 18:02:44 [WARN]: No hay órdenes activas para actualizar botes expulsados
2025-07-09 18:02:45 [WARN]: No hay órdenes activas para actualizar botes expulsados
2025-07-09 18:02:45 [WARN]: No hay órdenes activas para actualizar botes expulsados
2025-07-09 18:02:45 [WARN]: No hay órdenes activas para actualizar botes expulsados
2025-07-09 18:02:45 [WARN]: No hay órdenes activas para actualizar botes expulsados
2025-07-09 18:02:45 [WARN]: No hay órdenes activas para actualizar botes expulsados
2025-07-09 18:02:45 [WARN]: No hay órdenes activas para actualizar botes expulsados
2025-07-09 18:02:45 [WARN]: No hay órdenes activas para actualizar botes expulsados
2025-07-09 18:02:45 [WARN]: No hay órdenes activas para actualizar botes expulsados
2025-07-09 18:03:20 [WARN]: No hay órdenes activas para actualizar botes expulsados
2025-07-09 18:03:20 [WARN]: No hay órdenes activas para actualizar botes expulsados
2025-07-09 18:03:20 [WARN]: No hay órdenes activas para actualizar botes expulsados
2025-07-09 18:03:20 [WARN]: No hay órdenes activas para actualizar botes expulsados
2025-07-09 18:03:20 [WARN]: No hay órdenes activas para actualizar botes expulsados
2025-07-09 18:03:20 [WARN]: No hay órdenes activas para actualizar botes expulsados
2025-07-09 18:03:20 [WARN]: No hay órdenes activas para actualizar botes expulsados
2025-07-09 18:03:20 [WARN]: No hay órdenes activas para actualizar botes expulsados
2025-07-09 18:03:20 [WARN]: No hay órdenes activas para actualizar botes expulsados
2025-07-09 18:03:20 [WARN]: No hay órdenes activas para actualizar botes expulsados
2025-07-09 18:03:20 [WARN]: No hay órdenes activas para actualizar botes expulsados
2025-07-09 18:03:20 [WARN]: No hay órdenes activas para actualizar botes expulsados
2025-07-09 18:03:20 [WARN]: No hay órdenes activas para actualizar botes expulsados
2025-07-09 18:03:20 [WARN]: No hay órdenes activas para actualizar botes expulsados
2025-07-09 18:03:20 [WARN]: No hay órdenes activas para actualizar botes expulsados
2025-07-09 18:03:20 [WARN]: No hay órdenes activas para actualizar botes expulsados
2025-07-09 18:03:20 [WARN]: No hay órdenes activas para actualizar botes expulsados
2025-07-09 18:03:20 [WARN]: No hay órdenes activas para actualizar botes expulsados
2025-07-09 18:03:21 [WARN]: No hay órdenes activas para actualizar botes expulsados
2025-07-09 18:03:21 [WARN]: No hay órdenes activas para actualizar botes expulsados
2025-07-09 18:03:21 [WARN]: No hay órdenes activas para actualizar botes expulsados
2025-07-09 18:03:21 [WARN]: No hay órdenes activas para actualizar botes expulsados
2025-07-09 18:03:21 [WARN]: No hay órdenes activas para actualizar botes expulsados
2025-07-09 18:03:21 [WARN]: No hay órdenes activas para actualizar botes expulsados
2025-07-09 18:03:21 [WARN]: No hay órdenes activas para actualizar botes expulsados
2025-07-09 18:03:21 [WARN]: No hay órdenes activas para actualizar botes expulsados
2025-07-09 18:03:21 [WARN]: No hay órdenes activas para actualizar botes expulsados
2025-07-09 18:03:21 [WARN]: No hay órdenes activas para actualizar botes expulsados
2025-07-09 18:03:21 [WARN]: No hay órdenes activas para actualizar botes expulsados
2025-07-09 18:03:21 [WARN]: No hay órdenes activas para actualizar botes expulsados
2025-07-09 18:04:35 [WARN]: No hay órdenes activas para actualizar botes expulsados
2025-07-09 18:04:35 [WARN]: No hay órdenes activas para actualizar botes expulsados
2025-07-09 18:04:35 [WARN]: No hay órdenes activas para actualizar botes expulsados
2025-07-09 18:04:35 [WARN]: No hay órdenes activas para actualizar botes expulsados
2025-07-09 18:04:35 [WARN]: No hay órdenes activas para actualizar botes expulsados
2025-07-09 18:04:35 [WARN]: No hay órdenes activas para actualizar botes expulsados
2025-07-09 18:06:47 [WARN]: No hay órdenes activas para actualizar botes expulsados
2025-07-09 18:06:47 [WARN]: No hay órdenes activas para actualizar botes expulsados
2025-07-09 18:06:47 [WARN]: No hay órdenes activas para actualizar botes expulsados
2025-07-09 18:06:47 [WARN]: No hay órdenes activas para actualizar botes expulsados
2025-07-09 18:06:47 [WARN]: No hay órdenes activas para actualizar botes expulsados
2025-07-09 18:06:47 [WARN]: No hay órdenes activas para actualizar botes expulsados
2025-07-09 18:06:47 [WARN]: No hay órdenes activas para actualizar botes expulsados
2025-07-09 18:06:47 [WARN]: No hay órdenes activas para actualizar botes expulsados
2025-07-09 18:06:47 [WARN]: No hay órdenes activas para actualizar botes expulsados
2025-07-09 18:06:47 [WARN]: No hay órdenes activas para actualizar botes expulsados
2025-07-09 18:06:48 [WARN]: No hay órdenes activas para actualizar botes expulsados
2025-07-09 18:06:48 [WARN]: No hay órdenes activas para actualizar botes expulsados
2025-07-09 18:06:48 [WARN]: No hay órdenes activas para actualizar botes expulsados
2025-07-09 18:06:48 [WARN]: No hay órdenes activas para actualizar botes expulsados
2025-07-09 18:06:48 [WARN]: No hay órdenes activas para actualizar botes expulsados
2025-07-09 18:06:48 [WARN]: No hay órdenes activas para actualizar botes expulsados
2025-07-09 18:06:48 [WARN]: No hay órdenes activas para actualizar botes expulsados
2025-07-09 18:06:48 [WARN]: No hay órdenes activas para actualizar botes expulsados
2025-07-09 18:12:24 [WARN]: No hay órdenes activas para actualizar botes expulsados
2025-07-09 18:12:24 [WARN]: No hay órdenes activas para actualizar botes expulsados
2025-07-09 18:12:24 [WARN]: No hay órdenes activas para actualizar botes expulsados
2025-07-09 18:12:24 [WARN]: No hay órdenes activas para actualizar botes expulsados
2025-07-09 18:12:24 [WARN]: No hay órdenes activas para actualizar botes expulsados
2025-07-09 18:12:24 [WARN]: No hay órdenes activas para actualizar botes expulsados
2025-07-09 18:12:24 [WARN]: No hay órdenes activas para actualizar botes expulsados
2025-07-09 18:12:25 [WARN]: No hay órdenes activas para actualizar botes expulsados
2025-07-09 18:12:25 [WARN]: No hay órdenes activas para actualizar botes expulsados
2025-07-09 18:12:25 [WARN]: No hay órdenes activas para actualizar botes expulsados
2025-07-09 18:12:25 [WARN]: No hay órdenes activas para actualizar botes expulsados
2025-07-09 18:12:25 [WARN]: No hay órdenes activas para actualizar botes expulsados
2025-07-09 18:14:52 [WARN]: No hay órdenes activas para actualizar botes expulsados
2025-07-09 18:14:52 [WARN]: No hay órdenes activas para actualizar botes expulsados
2025-07-09 18:14:52 [WARN]: No hay órdenes activas para actualizar botes expulsados
2025-07-09 18:14:52 [WARN]: No hay órdenes activas para actualizar botes expulsados
2025-07-09 18:14:52 [WARN]: No hay órdenes activas para actualizar botes expulsados
2025-07-09 18:14:52 [WARN]: No hay órdenes activas para actualizar botes expulsados
2025-07-09 18:14:52 [WARN]: No hay órdenes activas para actualizar botes expulsados
2025-07-09 18:14:52 [WARN]: No hay órdenes activas para actualizar botes expulsados
2025-07-09 18:14:52 [WARN]: No hay órdenes activas para actualizar botes expulsados
2025-07-09 18:14:52 [WARN]: No hay órdenes activas para actualizar botes expulsados
2025-07-09 18:14:52 [WARN]: No hay órdenes activas para actualizar botes expulsados
2025-07-09 18:14:52 [WARN]: No hay órdenes activas para actualizar botes expulsados
2025-07-09 18:14:52 [WARN]: No hay órdenes activas para actualizar botes expulsados
2025-07-09 18:14:52 [WARN]: No hay órdenes activas para actualizar botes expulsados
2025-07-09 18:14:52 [WARN]: No hay órdenes activas para actualizar botes expulsados
2025-07-09 18:14:52 [WARN]: No hay órdenes activas para actualizar botes expulsados
2025-07-09 18:16:36 [WARN]: No hay órdenes activas para actualizar botes expulsados
2025-07-09 18:16:36 [WARN]: No hay órdenes activas para actualizar botes expulsados
2025-07-09 18:16:36 [WARN]: No hay órdenes activas para actualizar botes expulsados
2025-07-09 18:16:36 [WARN]: No hay órdenes activas para actualizar botes expulsados
2025-07-09 18:16:36 [WARN]: No hay órdenes activas para actualizar botes expulsados
2025-07-09 18:16:36 [WARN]: No hay órdenes activas para actualizar botes expulsados
2025-07-09 18:16:36 [WARN]: No hay órdenes activas para actualizar botes expulsados
2025-07-09 18:16:36 [WARN]: No hay órdenes activas para actualizar botes expulsados
2025-07-09 18:16:36 [WARN]: No hay órdenes activas para actualizar botes expulsados
2025-07-09 18:16:36 [WARN]: No hay órdenes activas para actualizar botes expulsados
2025-07-09 18:16:36 [WARN]: No hay órdenes activas para actualizar botes expulsados
2025-07-09 18:16:36 [WARN]: No hay órdenes activas para actualizar botes expulsados
2025-07-09 18:16:36 [WARN]: No hay órdenes activas para actualizar botes expulsados
2025-07-09 18:16:59 [WARN]: No hay órdenes activas para actualizar botes expulsados
2025-07-09 18:16:59 [WARN]: No hay órdenes activas para actualizar botes expulsados
2025-07-09 18:16:59 [WARN]: No hay órdenes activas para actualizar botes expulsados
2025-07-09 18:16:59 [WARN]: No hay órdenes activas para actualizar botes expulsados
2025-07-09 18:16:59 [WARN]: No hay órdenes activas para actualizar botes expulsados
2025-07-09 18:16:59 [WARN]: No hay órdenes activas para actualizar botes expulsados
2025-07-09 18:16:59 [WARN]: No hay órdenes activas para actualizar botes expulsados
2025-07-09 18:16:59 [WARN]: No hay órdenes activas para actualizar botes expulsados
2025-07-09 18:17:00 [WARN]: No hay órdenes activas para actualizar botes expulsados
2025-07-09 18:17:00 [WARN]: No hay órdenes activas para actualizar botes expulsados
2025-07-09 18:17:00 [WARN]: No hay órdenes activas para actualizar botes expulsados
2025-07-09 18:17:00 [WARN]: No hay órdenes activas para actualizar botes expulsados
2025-07-09 18:17:00 [WARN]: No hay órdenes activas para actualizar botes expulsados
2025-07-09 18:17:00 [WARN]: No hay órdenes activas para actualizar botes expulsados
2025-07-09 18:17:00 [WARN]: No hay órdenes activas para actualizar botes expulsados
2025-07-09 18:17:00 [WARN]: No hay órdenes activas para actualizar botes expulsados
2025-07-09 18:17:00 [WARN]: No hay órdenes activas para actualizar botes expulsados
2025-07-09 18:17:00 [WARN]: No hay órdenes activas para actualizar botes expulsados
2025-07-09 18:17:00 [WARN]: No hay órdenes activas para actualizar botes expulsados
2025-07-09 18:17:00 [WARN]: No hay órdenes activas para actualizar botes expulsados
2025-07-09 18:17:00 [WARN]: No hay órdenes activas para actualizar botes expulsados
2025-07-09 18:17:00 [WARN]: No hay órdenes activas para actualizar botes expulsados
2025-07-09 18:17:17 [WARN]: No hay órdenes activas para actualizar botes expulsados
2025-07-09 18:17:17 [WARN]: No hay órdenes activas para actualizar botes expulsados
2025-07-09 18:17:17 [WARN]: No hay órdenes activas para actualizar botes expulsados
2025-07-09 18:17:17 [WARN]: No hay órdenes activas para actualizar botes expulsados
2025-07-09 18:17:17 [WARN]: No hay órdenes activas para actualizar botes expulsados
2025-07-09 18:17:17 [WARN]: No hay órdenes activas para actualizar botes expulsados
2025-07-09 18:17:17 [WARN]: No hay órdenes activas para actualizar botes expulsados
2025-07-09 18:17:18 [WARN]: No hay órdenes activas para actualizar botes expulsados
2025-07-09 18:17:18 [WARN]: No hay órdenes activas para actualizar botes expulsados
2025-07-09 18:17:18 [WARN]: No hay órdenes activas para actualizar botes expulsados
2025-07-09 18:17:18 [WARN]: No hay órdenes activas para actualizar botes expulsados
2025-07-09 18:17:18 [WARN]: No hay órdenes activas para actualizar botes expulsados
2025-07-09 18:17:18 [WARN]: No hay órdenes activas para actualizar botes expulsados
2025-07-09 18:17:18 [WARN]: No hay órdenes activas para actualizar botes expulsados
2025-07-09 18:17:18 [WARN]: No hay órdenes activas para actualizar botes expulsados
2025-07-09 18:17:18 [WARN]: No hay órdenes activas para actualizar botes expulsados
2025-07-09 18:18:06 [WARN]: No hay órdenes activas para actualizar botes expulsados
2025-07-09 18:18:06 [WARN]: No hay órdenes activas para actualizar botes expulsados
2025-07-09 18:18:06 [WARN]: No hay órdenes activas para actualizar botes expulsados
2025-07-09 18:18:06 [WARN]: No hay órdenes activas para actualizar botes expulsados
2025-07-09 18:18:06 [WARN]: No hay órdenes activas para actualizar botes expulsados
2025-07-09 18:18:06 [WARN]: No hay órdenes activas para actualizar botes expulsados
2025-07-09 18:18:06 [WARN]: No hay órdenes activas para actualizar botes expulsados
2025-07-09 18:18:06 [WARN]: No hay órdenes activas para actualizar botes expulsados
2025-07-09 18:18:06 [WARN]: No hay órdenes activas para actualizar botes expulsados
2025-07-09 18:18:06 [WARN]: No hay órdenes activas para actualizar botes expulsados
2025-07-09 18:18:07 [WARN]: No hay órdenes activas para actualizar botes expulsados
2025-07-09 18:18:07 [WARN]: No hay órdenes activas para actualizar botes expulsados
2025-07-09 18:18:07 [WARN]: No hay órdenes activas para actualizar botes expulsados
2025-07-09 18:18:07 [WARN]: No hay órdenes activas para actualizar botes expulsados
2025-07-09 18:18:07 [WARN]: No hay órdenes activas para actualizar botes expulsados
2025-07-09 18:18:07 [WARN]: No hay órdenes activas para actualizar botes expulsados
2025-07-09 18:18:07 [WARN]: No hay órdenes activas para actualizar botes expulsados
2025-07-09 18:18:07 [WARN]: No hay órdenes activas para actualizar botes expulsados
2025-07-09 18:18:07 [WARN]: No hay órdenes activas para actualizar botes expulsados
2025-07-09 18:18:07 [WARN]: No hay órdenes activas para actualizar botes expulsados
2025-07-09 18:18:07 [WARN]: No hay órdenes activas para actualizar botes expulsados
2025-07-09 18:19:06 [WARN]: No hay órdenes activas para actualizar botes expulsados
2025-07-09 18:19:06 [WARN]: No hay órdenes activas para actualizar botes expulsados
2025-07-09 18:19:06 [WARN]: No hay órdenes activas para actualizar botes expulsados
2025-07-09 18:19:06 [WARN]: No hay órdenes activas para actualizar botes expulsados
2025-07-09 18:19:06 [WARN]: No hay órdenes activas para actualizar botes expulsados
2025-07-09 18:19:06 [WARN]: No hay órdenes activas para actualizar botes expulsados
2025-07-09 18:19:06 [WARN]: No hay órdenes activas para actualizar botes expulsados
2025-07-09 18:19:06 [WARN]: No hay órdenes activas para actualizar botes expulsados
2025-07-09 18:19:06 [WARN]: No hay órdenes activas para actualizar botes expulsados
2025-07-09 18:19:06 [WARN]: No hay órdenes activas para actualizar botes expulsados
2025-07-09 18:19:06 [WARN]: No hay órdenes activas para actualizar botes expulsados
2025-07-09 18:19:06 [WARN]: No hay órdenes activas para actualizar botes expulsados
2025-07-09 18:19:06 [WARN]: No hay órdenes activas para actualizar botes expulsados
2025-07-09 18:19:07 [WARN]: No hay órdenes activas para actualizar botes expulsados
2025-07-09 18:19:07 [WARN]: No hay órdenes activas para actualizar botes expulsados
2025-07-09 18:19:07 [WARN]: No hay órdenes activas para actualizar botes expulsados
2025-07-09 18:19:07 [WARN]: No hay órdenes activas para actualizar botes expulsados
2025-07-09 18:19:07 [WARN]: No hay órdenes activas para actualizar botes expulsados
2025-07-09 18:19:07 [WARN]: No hay órdenes activas para actualizar botes expulsados
2025-07-09 18:19:07 [WARN]: No hay órdenes activas para actualizar botes expulsados
2025-07-09 18:21:43 [WARN]: No hay órdenes activas para actualizar botes expulsados
2025-07-09 18:21:43 [WARN]: No hay órdenes activas para actualizar botes expulsados
2025-07-09 18:21:43 [WARN]: No hay órdenes activas para actualizar botes expulsados
2025-07-09 18:21:43 [WARN]: No hay órdenes activas para actualizar botes expulsados
2025-07-09 18:21:43 [WARN]: No hay órdenes activas para actualizar botes expulsados
2025-07-09 18:21:43 [WARN]: No hay órdenes activas para actualizar botes expulsados
2025-07-09 18:21:43 [WARN]: No hay órdenes activas para actualizar botes expulsados
2025-07-09 18:21:43 [WARN]: No hay órdenes activas para actualizar botes expulsados
2025-07-09 18:25:24 [WARN]: No hay órdenes activas para actualizar botes expulsados
2025-07-09 18:25:24 [WARN]: No hay órdenes activas para actualizar botes expulsados
2025-07-09 18:25:24 [WARN]: No hay órdenes activas para actualizar botes expulsados
2025-07-09 18:25:24 [WARN]: No hay órdenes activas para actualizar botes expulsados
2025-07-09 18:25:24 [WARN]: No hay órdenes activas para actualizar botes expulsados
2025-07-09 18:25:24 [WARN]: No hay órdenes activas para actualizar botes expulsados
2025-07-09 18:25:24 [WARN]: No hay órdenes activas para actualizar botes expulsados
2025-07-09 18:25:24 [WARN]: No hay órdenes activas para actualizar botes expulsados
2025-07-09 18:25:24 [WARN]: No hay órdenes activas para actualizar botes expulsados
2025-07-09 18:25:25 [WARN]: No hay órdenes activas para actualizar botes expulsados
2025-07-09 18:25:25 [WARN]: No hay órdenes activas para actualizar botes expulsados
2025-07-09 18:25:25 [WARN]: No hay órdenes activas para actualizar botes expulsados
2025-07-09 18:25:25 [WARN]: No hay órdenes activas para actualizar botes expulsados
2025-07-09 18:25:25 [WARN]: No hay órdenes activas para actualizar botes expulsados
2025-07-09 18:25:25 [WARN]: No hay órdenes activas para actualizar botes expulsados
2025-07-09 18:25:25 [WARN]: No hay órdenes activas para actualizar botes expulsados
2025-07-09 18:25:25 [WARN]: No hay órdenes activas para actualizar botes expulsados
2025-07-09 18:25:25 [WARN]: No hay órdenes activas para actualizar botes expulsados
2025-07-09 18:25:25 [WARN]: No hay órdenes activas para actualizar botes expulsados
2025-07-09 18:25:25 [WARN]: No hay órdenes activas para actualizar botes expulsados
2025-07-09 18:25:25 [WARN]: No hay órdenes activas para actualizar botes expulsados
2025-07-09 18:25:25 [WARN]: No hay órdenes activas para actualizar botes expulsados
2025-07-09 18:25:25 [WARN]: No hay órdenes activas para actualizar botes expulsados
2025-07-09 18:25:25 [WARN]: No hay órdenes activas para actualizar botes expulsados
2025-07-09 18:25:25 [WARN]: No hay órdenes activas para actualizar botes expulsados
2025-07-09 18:25:25 [WARN]: No hay órdenes activas para actualizar botes expulsados
2025-07-09 18:25:25 [WARN]: No hay órdenes activas para actualizar botes expulsados
2025-07-09 18:26:24 [WARN]: No hay órdenes activas para actualizar botes expulsados
2025-07-09 18:26:24 [WARN]: No hay órdenes activas para actualizar botes expulsados
2025-07-09 18:26:24 [WARN]: No hay órdenes activas para actualizar botes expulsados
2025-07-09 18:26:24 [WARN]: No hay órdenes activas para actualizar botes expulsados
2025-07-09 18:26:24 [WARN]: No hay órdenes activas para actualizar botes expulsados
2025-07-09 18:26:24 [WARN]: No hay órdenes activas para actualizar botes expulsados
2025-07-09 18:26:24 [WARN]: No hay órdenes activas para actualizar botes expulsados
2025-07-09 18:26:24 [WARN]: No hay órdenes activas para actualizar botes expulsados
2025-07-09 18:26:24 [WARN]: No hay órdenes activas para actualizar botes expulsados
2025-07-09 18:26:24 [WARN]: No hay órdenes activas para actualizar botes expulsados
2025-07-09 18:26:24 [WARN]: No hay órdenes activas para actualizar botes expulsados
2025-07-09 18:26:24 [WARN]: No hay órdenes activas para actualizar botes expulsados
2025-07-09 18:26:24 [WARN]: No hay órdenes activas para actualizar botes expulsados
2025-07-09 18:26:24 [WARN]: No hay órdenes activas para actualizar botes expulsados
2025-07-09 18:26:24 [WARN]: No hay órdenes activas para actualizar botes expulsados
2025-07-09 18:26:24 [WARN]: No hay órdenes activas para actualizar botes expulsados
2025-07-09 18:26:25 [WARN]: No hay órdenes activas para actualizar botes expulsados
2025-07-09 18:26:25 [WARN]: No hay órdenes activas para actualizar botes expulsados
2025-07-09 18:26:25 [WARN]: No hay órdenes activas para actualizar botes expulsados
2025-07-09 18:26:25 [WARN]: No hay órdenes activas para actualizar botes expulsados
2025-07-09 18:26:25 [WARN]: No hay órdenes activas para actualizar botes expulsados
2025-07-09 18:26:25 [WARN]: No hay órdenes activas para actualizar botes expulsados
2025-07-09 18:26:25 [WARN]: No hay órdenes activas para actualizar botes expulsados
2025-07-09 18:26:25 [WARN]: No hay órdenes activas para actualizar botes expulsados
2025-07-09 18:26:25 [WARN]: No hay órdenes activas para actualizar botes expulsados
2025-07-09 18:26:25 [WARN]: No hay órdenes activas para actualizar botes expulsados
2025-07-09 18:26:25 [WARN]: No hay órdenes activas para actualizar botes expulsados
2025-07-09 18:26:25 [WARN]: No hay órdenes activas para actualizar botes expulsados
2025-07-09 18:26:25 [WARN]: No hay órdenes activas para actualizar botes expulsados
2025-07-09 18:26:25 [WARN]: No hay órdenes activas para actualizar botes expulsados
2025-07-09 18:27:38 [WARN]: No hay órdenes activas para actualizar botes expulsados
2025-07-09 18:27:38 [WARN]: No hay órdenes activas para actualizar botes expulsados
2025-07-09 18:27:38 [WARN]: No hay órdenes activas para actualizar botes expulsados
2025-07-09 18:27:38 [WARN]: No hay órdenes activas para actualizar botes expulsados
2025-07-09 18:27:38 [WARN]: No hay órdenes activas para actualizar botes expulsados
2025-07-09 18:27:38 [WARN]: No hay órdenes activas para actualizar botes expulsados
2025-07-09 18:27:38 [WARN]: No hay órdenes activas para actualizar botes expulsados
2025-07-09 18:27:38 [WARN]: No hay órdenes activas para actualizar botes expulsados
2025-07-09 18:27:38 [WARN]: No hay órdenes activas para actualizar botes expulsados
2025-07-09 18:27:38 [WARN]: No hay órdenes activas para actualizar botes expulsados
2025-07-09 18:27:38 [WARN]: No hay órdenes activas para actualizar botes expulsados
2025-07-09 18:27:38 [WARN]: No hay órdenes activas para actualizar botes expulsados
2025-07-09 18:27:38 [WARN]: No hay órdenes activas para actualizar botes expulsados
2025-07-09 18:27:38 [WARN]: No hay órdenes activas para actualizar botes expulsados
2025-07-09 18:27:38 [WARN]: No hay órdenes activas para actualizar botes expulsados
2025-07-09 18:27:38 [WARN]: No hay órdenes activas para actualizar botes expulsados
2025-07-09 18:27:38 [WARN]: No hay órdenes activas para actualizar botes expulsados
2025-07-09 18:27:38 [WARN]: No hay órdenes activas para actualizar botes expulsados
2025-07-09 18:27:38 [WARN]: No hay órdenes activas para actualizar botes expulsados
2025-07-09 18:27:38 [WARN]: No hay órdenes activas para actualizar botes expulsados
2025-07-09 18:27:38 [WARN]: No hay órdenes activas para actualizar botes expulsados
2025-07-09 18:27:38 [WARN]: No hay órdenes activas para actualizar botes expulsados
2025-07-09 18:27:38 [WARN]: No hay órdenes activas para actualizar botes expulsados
2025-07-10 07:57:37 [INFO]: Conexión a base de datos establecida
2025-07-10 07:57:37 [INFO]: Servidor iniciado en puerto 3000
2025-07-10 07:57:37 [INFO]: MQTT conectado a mqtt://192.168.20.156:1883, topic: botes/bueno
2025-07-10 07:57:37 [INFO]: MQTT conectado a mqtt://192.168.20.156:1883, topic: botes/expulsados
2025-07-10 08:54:24 [INFO]: Aplicación cerrándose...
2025-07-10 08:54:26 [INFO]: Conexión a base de datos establecida
2025-07-10 08:54:26 [INFO]: Servidor iniciado en puerto 3000
2025-07-10 08:54:26 [INFO]: MQTT conectado a mqtt://192.168.20.156:1883, topic: botes/bueno
2025-07-10 08:54:26 [INFO]: MQTT conectado a mqtt://192.168.20.156:1883, topic: botes/expulsados
2025-07-10 08:55:38 [INFO]: MQTT conectado a mqtt://192.168.20.156:1883, topic: botes/bueno
2025-07-10 08:55:53 [INFO]: MQTT conectado a mqtt://192.168.20.156:1883, topic: botes/expulsados
2025-07-10 09:00:34 [INFO]: Aplicación cerrándose...
2025-07-10 09:00:35 [INFO]: Conexión a base de datos establecida
2025-07-10 09:00:35 [INFO]: Servidor iniciado en puerto 3000
2025-07-10 09:00:35 [INFO]: MQTT conectado a mqtt://192.168.20.156:1883, topic: botes/bueno
2025-07-10 09:00:35 [INFO]: MQTT conectado a mqtt://192.168.20.156:1883, topic: botes/expulsados
2025-07-10 09:13:17 [INFO]: Aplicación cerrándose...
2025-07-10 09:13:19 [INFO]: Conexión a base de datos establecida
2025-07-10 09:13:19 [INFO]: Servidor iniciado en puerto 3000
2025-07-10 09:13:19 [INFO]: MQTT conectado a mqtt://192.168.20.156:1883, topic: botes/expulsados
2025-07-10 09:13:19 [INFO]: MQTT conectado a mqtt://192.168.20.156:1883, topic: botes/bueno
2025-07-10 09:16:43 [INFO]: Aplicación cerrándose...
2025-07-10 09:16:44 [INFO]: Conexión a base de datos establecida
2025-07-10 09:16:44 [INFO]: Servidor iniciado en puerto 3000
2025-07-10 09:16:44 [INFO]: MQTT conectado a mqtt://192.168.20.156:1883, topic: botes/bueno
2025-07-10 09:16:44 [INFO]: MQTT conectado a mqtt://192.168.20.156:1883, topic: botes/expulsados
2025-07-10 09:18:03 [INFO]: Insertando datos de testing para orden 2
2025-07-10 09:18:03 [INFO]: Datos de testing insertados exitosamente para orden 2
2025-07-10 09:57:45 [INFO]: Aplicación cerrándose...
2025-07-10 09:57:47 [INFO]: Conexión a base de datos establecida
2025-07-10 09:57:47 [INFO]: Servidor iniciado en puerto 3000
2025-07-10 09:57:47 [INFO]: MQTT conectado a mqtt://192.168.20.156:1883, topic: botes/bueno
2025-07-10 09:57:47 [INFO]: MQTT conectado a mqtt://192.168.20.156:1883, topic: botes/expulsados
2025-07-10 09:58:05 [INFO]: Insertando datos de testing para orden 3
2025-07-10 09:58:05 [INFO]: Datos de testing insertados exitosamente para orden 3
2025-07-10 10:26:56 [INFO]: Aplicación cerrándose...
2025-07-10 10:26:58 [INFO]: Conexión a base de datos establecida
2025-07-10 10:26:58 [INFO]: Servidor iniciado en puerto 3000
2025-07-10 10:26:58 [INFO]: MQTT conectado a mqtt://192.168.20.156:1883, topic: botes/bueno
2025-07-10 10:26:58 [INFO]: MQTT conectado a mqtt://192.168.20.156:1883, topic: botes/expulsados
2025-07-10 10:27:21 [INFO]: Insertando datos de testing para orden 4
2025-07-10 10:27:21 [INFO]: Datos de testing insertados exitosamente para orden 4
2025-07-10 10:39:50 [INFO]: Aplicación cerrándose...
2025-07-10 10:39:53 [INFO]: Conexión a base de datos establecida
2025-07-10 10:39:53 [INFO]: Servidor iniciado en puerto 3000
2025-07-10 10:39:53 [INFO]: MQTT conectado a mqtt://192.168.20.156:1883, topic: botes/bueno
2025-07-10 10:39:53 [INFO]: MQTT conectado a mqtt://192.168.20.156:1883, topic: botes/expulsados
2025-07-10 10:39:59 [INFO]: Aplicación cerrándose...
2025-07-10 10:54:48 [INFO]: Conexión a base de datos establecida
2025-07-10 10:54:48 [INFO]: Servidor iniciado en puerto 3000
2025-07-10 10:54:48 [INFO]: MQTT conectado a mqtt://192.168.20.156:1883, topic: botes/bueno
2025-07-10 10:54:48 [INFO]: MQTT conectado a mqtt://192.168.20.156:1883, topic: botes/expulsados
2025-07-10 10:56:35 [WARN]: No hay órdenes activas para actualizar botes expulsados
2025-07-10 10:56:36 [WARN]: No hay órdenes activas para actualizar botes expulsados
2025-07-10 10:59:23 [WARN]: No hay órdenes activas para actualizar botes expulsados
2025-07-10 10:59:23 [WARN]: No hay órdenes activas para actualizar botes expulsados
2025-07-10 11:00:14 [WARN]: No hay órdenes activas para actualizar botes expulsados
2025-07-10 11:12:25 [INFO]: Aplicación cerrándose...
2025-07-10 11:12:27 [INFO]: Conexión a base de datos establecida
2025-07-10 11:12:27 [INFO]: Servidor iniciado en puerto 3000
2025-07-10 11:12:27 [INFO]: MQTT conectado a mqtt://192.168.20.156:1883, topic: botes/bueno
2025-07-10 11:12:27 [INFO]: MQTT conectado a mqtt://192.168.20.156:1883, topic: botes/expulsados
